<?xml version="1.0" encoding="UTF-8"?>
<!-- Generated by org.testng.reporters.JUnitXMLReporter -->
<testsuite ignored="0" hostname="Garimas-MacBook-Air.local" failures="0" tests="2" name="ErrorValidationTest" time="17.151" errors="0" timestamp="2023-06-14T22:11:42 GMT-04:00">
  <testcase classname="eCommerce.endToendFramework.Tests.ErrorValidationTest" name="verifyErrorMessageonWrongCredentials" time="0.526"/>
  <testcase classname="eCommerce.endToendFramework.Tests.ErrorValidationTest" name="verifyIfProductNameMatchesInCartNegScenario" time="2.602"/>
</testsuite> <!-- ErrorValidationTest -->
